<?xml version="1.0" encoding="UTF-8"?>
<testng-results ignored="0" total="3" passed="3" failed="0" skipped="0">
  <reporter-output>
    <line>
      <![CDATA[Browser got launched]]>
    </line>
    <line>
      <![CDATA[Browser got Maximized]]>
    </line>
    <line>
      <![CDATA[Logged In Successfully]]>
    </line>
    <line>
      <![CDATA[[ ACC131 ] Tek_Pyramid_223 - Organization Information verified]]>
    </line>
    <line>
      <![CDATA[Logged out Successfully]]>
    </line>
    <line>
      <![CDATA[Logged In Successfully]]>
    </line>
    <line>
      <![CDATA[[ ACC132 ] Tek_814 - Organization Information verified]]>
    </line>
    <line>
      <![CDATA[Logged out Successfully]]>
    </line>
    <line>
      <![CDATA[Logged In Successfully]]>
    </line>
    <line>
      <![CDATA[Logged out Successfully]]>
    </line>
    <line>
      <![CDATA[Browser got Closed Successfully]]>
    </line>
  </reporter-output>
  <suite started-at="2025-04-29T16:28:19 IST" name="Default suite" finished-at="2025-04-29T16:28:48 IST" duration-ms="29217">
    <groups>
      <group name="smokeTest">
        <method signature="OrganizationTest.createOrganizationTest()[pri:0, instance:com.tp.vTigerTest.OrganizationTest@2b40ff9c]" name="createOrganizationTest" class="com.tp.vTigerTest.OrganizationTest"/>
      </group> <!-- smokeTest -->
    </groups>
    <test started-at="2025-04-29T16:28:19 IST" name="Default test" finished-at="2025-04-29T16:28:48 IST" duration-ms="29217">
      <class name="com.tp.vTigerTest.OrganizationTest">
        <test-method is-config="true" signature="toLaunch(java.lang.String)[pri:0, instance:com.tp.vTigerTest.OrganizationTest@2b40ff9c]" started-at="2025-04-29T16:28:19 IST" name="toLaunch" finished-at="2025-04-29T16:28:22 IST" duration-ms="2927" status="PASS">
          <params>
            <param index="0">
              <value>
                <![CDATA[edge]]>
              </value>
            </param>
          </params>
          <reporter-output>
            <line>
              <![CDATA[Browser got launched]]>
            </line>
            <line>
              <![CDATA[Browser got Maximized]]>
            </line>
          </reporter-output>
        </test-method> <!-- toLaunch -->
        <test-method is-config="true" signature="toLogin()[pri:0, instance:com.tp.vTigerTest.OrganizationTest@2b40ff9c]" started-at="2025-04-29T16:28:22 IST" name="toLogin" finished-at="2025-04-29T16:28:22 IST" duration-ms="769" status="PASS">
          <reporter-output>
            <line>
              <![CDATA[Logged In Successfully]]>
            </line>
          </reporter-output>
        </test-method> <!-- toLogin -->
        <test-method signature="createOrganizationTest()[pri:0, instance:com.tp.vTigerTest.OrganizationTest@2b40ff9c]" started-at="2025-04-29T16:28:22 IST" name="createOrganizationTest" finished-at="2025-04-29T16:28:30 IST" duration-ms="8091" status="PASS">
          <reporter-output>
            <line>
              <![CDATA[[ ACC131 ] Tek_Pyramid_223 - Organization Information verified]]>
            </line>
          </reporter-output>
        </test-method> <!-- createOrganizationTest -->
        <test-method is-config="true" signature="toLogout()[pri:0, instance:com.tp.vTigerTest.OrganizationTest@2b40ff9c]" started-at="2025-04-29T16:28:30 IST" name="toLogout" finished-at="2025-04-29T16:28:31 IST" duration-ms="806" status="PASS">
          <reporter-output>
            <line>
              <![CDATA[Logged out Successfully]]>
            </line>
          </reporter-output>
        </test-method> <!-- toLogout -->
        <test-method is-config="true" signature="toLogin()[pri:0, instance:com.tp.vTigerTest.OrganizationTest@2b40ff9c]" started-at="2025-04-29T16:28:31 IST" name="toLogin" finished-at="2025-04-29T16:28:33 IST" duration-ms="1456" status="PASS">
          <reporter-output>
            <line>
              <![CDATA[Logged In Successfully]]>
            </line>
          </reporter-output>
        </test-method> <!-- toLogin -->
        <test-method signature="createOrganizationWithIndustryAndTypeTest()[pri:0, instance:com.tp.vTigerTest.OrganizationTest@2b40ff9c]" started-at="2025-04-29T16:28:33 IST" name="createOrganizationWithIndustryAndTypeTest" finished-at="2025-04-29T16:28:38 IST" duration-ms="5364" status="PASS">
          <reporter-output>
            <line>
              <![CDATA[[ ACC132 ] Tek_814 - Organization Information verified]]>
            </line>
          </reporter-output>
        </test-method> <!-- createOrganizationWithIndustryAndTypeTest -->
        <test-method is-config="true" signature="toLogout()[pri:0, instance:com.tp.vTigerTest.OrganizationTest@2b40ff9c]" started-at="2025-04-29T16:28:38 IST" name="toLogout" finished-at="2025-04-29T16:28:39 IST" duration-ms="799" status="PASS">
          <reporter-output>
            <line>
              <![CDATA[Logged out Successfully]]>
            </line>
          </reporter-output>
        </test-method> <!-- toLogout -->
        <test-method is-config="true" signature="toLogin()[pri:0, instance:com.tp.vTigerTest.OrganizationTest@2b40ff9c]" started-at="2025-04-29T16:28:39 IST" name="toLogin" finished-at="2025-04-29T16:28:40 IST" duration-ms="1615" status="PASS">
          <reporter-output>
            <line>
              <![CDATA[Logged In Successfully]]>
            </line>
          </reporter-output>
        </test-method> <!-- toLogin -->
        <test-method signature="createOrganizationWithPhoneNumberTest()[pri:0, instance:com.tp.vTigerTest.OrganizationTest@2b40ff9c]" started-at="2025-04-29T16:28:40 IST" name="createOrganizationWithPhoneNumberTest" finished-at="2025-04-29T16:28:46 IST" duration-ms="5346" status="PASS">
          <reporter-output>
          </reporter-output>
        </test-method> <!-- createOrganizationWithPhoneNumberTest -->
        <test-method is-config="true" signature="toLogout()[pri:0, instance:com.tp.vTigerTest.OrganizationTest@2b40ff9c]" started-at="2025-04-29T16:28:46 IST" name="toLogout" finished-at="2025-04-29T16:28:47 IST" duration-ms="793" status="PASS">
          <reporter-output>
            <line>
              <![CDATA[Logged out Successfully]]>
            </line>
          </reporter-output>
        </test-method> <!-- toLogout -->
        <test-method is-config="true" signature="toClose()[pri:0, instance:com.tp.vTigerTest.OrganizationTest@2b40ff9c]" started-at="2025-04-29T16:28:47 IST" name="toClose" finished-at="2025-04-29T16:28:48 IST" duration-ms="1221" status="PASS">
          <reporter-output>
            <line>
              <![CDATA[Browser got Closed Successfully]]>
            </line>
          </reporter-output>
        </test-method> <!-- toClose -->
      </class> <!-- com.tp.vTigerTest.OrganizationTest -->
    </test> <!-- Default test -->
  </suite> <!-- Default suite -->
</testng-results>
