<?xml version="1.0" encoding="UTF-8"?>
<!-- Generated by org.testng.reporters.JUnitXMLReporter -->
<testsuite ignored="0" hostname="Gowsalya" failures="0" tests="12" name="Test" time="312.18" errors="0" timestamp="2025-04-24T15:28:37 IST">
  <testcase classname="com.tp.vTigerTest.VendorTest" name="createVendorTest" time="25.793"/>
  <testcase classname="com.tp.vTigerTest.OrganizationTest" name="createOrganizationTest" time="17.068"/>
  <testcase classname="com.tp.vTigerTest.OrganizationTest" name="createOrganizationWithIndustryAndTypeTest" time="12.903"/>
  <testcase classname="com.tp.vTigerTest.OrganizationTest" name="createOrganizationWithPhoneNumberTest" time="11.952"/>
  <testcase classname="com.tp.vTigerTest.ProductTest" name="createProductTest" time="26.673"/>
  <testcase classname="com.tp.vTigerTest.ProductTest" name="createProductWithSupportDateTest" time="14.305"/>
  <testcase classname="com.tp.vTigerTest.ProductTest" name="createProductWithVendorTest" time="24.673"/>
  <testcase classname="com.tp.vTigerTest.ContactTest" name="createContactTest" time="26.216"/>
  <testcase classname="com.tp.vTigerTest.ContactTest" name="createContactWithOrganizationTest" time="23.684"/>
  <testcase classname="com.tp.vTigerTest.ContactTest" name="createContactWithSupportDateTest" time="12.294"/>
  <testcase classname="com.tp.vTigerTest.LeadTest" name="createLeadTest" time="22.301"/>
  <testcase classname="com.tp.vTigerTest.LeadTest" name="createLeadWithLeadSourceAndIndustryTest" time="11.94"/>
</testsuite> <!-- Test -->
