<?xml version="1.0" encoding="UTF-8"?>
<!-- Generated by org.testng.reporters.JUnitXMLReporter -->
<testsuite ignored="0" hostname="Gowsalya" failures="0" tests="3" name="Default test" time="29.217" errors="0" timestamp="2025-04-29T16:28:48 IST">
  <testcase classname="com.tp.vTigerTest.OrganizationTest" name="createOrganizationTest" time="8.091"/>
  <testcase classname="com.tp.vTigerTest.OrganizationTest" name="createOrganizationWithIndustryAndTypeTest" time="5.364"/>
  <testcase classname="com.tp.vTigerTest.OrganizationTest" name="createOrganizationWithPhoneNumberTest" time="5.346"/>
</testsuite> <!-- Default test -->
